{"level":"warn","message":"Log de Warning","timestamp":"2024-03-08 18:17:55"}
{"level":"warn","message":"Log de Warning","timestamp":"2024-03-08 18:23:13"}
{"level":"warn","message":"Log de Warning","timestamp":"2024-03-08 18:24:06"}
{"level":"warn","message":"Log de Warning","timestamp":"2024-03-08 18:25:14"}
{"level":"warn","message":"Log de Warning","timestamp":"2024-03-08 18:25:39"}
{"level":"warn","message":"Log de Warning","timestamp":"2024-03-08 18:26:56"}
{"level":"warn","message":"Log de Warning","timestamp":"2024-03-08 18:27:18"}
{"level":"warn","message":"Log de Warning","timestamp":"2024-03-11 13:22:22"}
{"level":"error","message":"Error a Registrar: ----> Registro de Error ","timestamp":"2024-03-11 13:35:48"}
{"level":"warn","message":"Error a Registrar: ----> Registro de Warn ","timestamp":"2024-03-11 13:35:48"}
{"level":"error","message":"Error a Registrar: ----> Registro de Error ","timestamp":"2024-03-11 13:36:57"}
{"level":"warn","message":"Error a Registrar: ----> Registro de Warn ","timestamp":"2024-03-11 13:36:57"}
{"level":"error","message":"Error a Registrar: ----> Registro de Error ","timestamp":"2024-03-11 13:37:54"}
{"level":"warn","message":"Error a Registrar: ----> Registro de Warn ","timestamp":"2024-03-11 13:37:54"}
{"level":"\u001b[31merror\u001b[39m","message":"Error a Registrar: ----> Registro de Error ","timestamp":"2024-03-11 16:38:23"}
{"level":"\u001b[33mwarn\u001b[39m","message":"Error a Registrar: ----> Registro de Warn ","timestamp":"2024-03-11 16:38:23"}
{"level":"\u001b[31merror\u001b[39m","message":"Error a Registrar: ----> Registro de Error ","timestamp":"2024-03-11 16:40:42"}
{"level":"\u001b[33mwarn\u001b[39m","message":"Error a Registrar: ----> Registro de Warn ","timestamp":"2024-03-11 16:40:42"}
{"level":"\u001b[31merror\u001b[39m","message":"Error a Registrar: ----> Registro de Error ","timestamp":"2024-03-11 16:41:35"}
{"level":"\u001b[33mwarn\u001b[39m","message":"Error a Registrar: ----> Registro de Warn ","timestamp":"2024-03-11 16:41:35"}
{"level":"\u001b[31merror\u001b[39m","message":"Error a Registrar: ----> Registro de Error ","timestamp":"2024-03-11 16:44:33"}
{"level":"\u001b[33mwarn\u001b[39m","message":"Error a Registrar: ----> Registro de Warn ","timestamp":"2024-03-11 16:44:33"}
{"level":"\u001b[31merror\u001b[39m","message":"Error a Registrar: ----> Registro de Error ","timestamp":"2024-03-11 16:47:07"}
{"level":"\u001b[33mwarn\u001b[39m","message":"Error a Registrar: ----> Registro de Warn ","timestamp":"2024-03-11 16:47:07"}
{"level":"\u001b[31merror\u001b[39m","message":"Error a Registrar: ----> Registro de Error ","timestamp":"2024-03-11 16:52:28"}
{"level":"\u001b[31merror\u001b[39m","message":"Error a Registrar: ----> Registro de Error ","timestamp":"2024-03-11 17:01:17"}
{"level":"\u001b[31merror\u001b[39m","message":"Error a Registrar: ----> Registro de Error ","timestamp":"2024-03-11 17:02:53"}
{"level":"\u001b[31merror\u001b[39m","message":"Error a Registrar: ----> Registro de Error ","timestamp":"2024-03-11 17:03:24"}
[31mfatal[39m: Error a Registrar: ----> Registro de fatal 
[31mfatal[39m: Error a Registrar: ----> Registro de fatal 
[31mfatal[39m: Error a Registrar: ----> Registro de fatal 
[31mfatal[39m: Error a Registrar: ----> Registro de fatal 
[31mfatal[39m: Error a Registrar: ----> Registro de fatal 
[31mfatal[39m: Error a Registrar: ----> Registro de fatal 
[31mfatal[39m: Error a Registrar: ----> Registro de fatal 
